[18:20:11] [Server thread/INFO]: Starting minecraft server version 1.8.8
[18:20:11] [Server thread/INFO]: Loading properties
[18:20:11] [Server thread/INFO]: Default game type: SURVIVAL
[18:20:11] [Server thread/INFO]: This server is running CraftBukkit version git-Spigot-21fe707-741a1bd (MC: 1.8.8) (Implementing API version 1.8.8-R0.1-SNAPSHOT)
[18:20:11] [Server thread/INFO]: Debug logging is disabled
[18:20:11] [Server thread/INFO]: Server Ping Player Sample Count: 12

[18:20:11] [Server thread/INFO]: Using 4 threads for Netty based IO
[18:20:11] [Server thread/INFO]: Generating keypair
[18:20:11] [Server thread/INFO]: Starting Minecraft server on *:25566
[18:20:11] [Server thread/INFO]: Using default channel type
[18:20:11] [Server thread/INFO]: Your platform does not provide complete low-level API for accessing direct buffers reliably. Unless explicitly requested, heap buffer will always be preferred to avoid potential system unstability.
[18:20:11] [Server thread/INFO]: Set PluginClassLoader as parallel capable
[18:20:11] [Server thread/INFO]: [WorldEdit] Loading WorldEdit v6.1.9;caf0ad9
[18:20:11] [Server thread/INFO]: **** Beginning UUID conversion, this may take A LONG time ****
[18:20:11] [Server thread/INFO]: Preparing level "world"
[18:20:12] [Server thread/INFO]: -------- World Settings For [world] --------
[18:20:12] [Server thread/INFO]: Allow Zombie Pigmen to spawn from portal blocks: true
[18:20:12] [Server thread/INFO]: Item Despawn Rate: 6000
[18:20:12] [Server thread/INFO]: Item Merge Radius: 2.5
[18:20:12] [Server thread/INFO]: Arrow Despawn Rate: 1200
[18:20:12] [Server thread/INFO]: Zombie Aggressive Towards Villager: true
[18:20:12] [Server thread/INFO]: Chunks to Grow per Tick: 650
[18:20:12] [Server thread/INFO]: Clear tick list: false
[18:20:12] [Server thread/INFO]: Experience Merge Radius: 3.0
[18:20:12] [Server thread/INFO]: View Distance: 10
[18:20:12] [Server thread/INFO]: Anti X-Ray: true
[18:20:12] [Server thread/INFO]: 	Engine Mode: 1
[18:20:12] [Server thread/INFO]: 	Hidden Blocks: [14, 15, 16, 21, 48, 49, 54, 56, 73, 74, 82, 129, 130]
[18:20:12] [Server thread/INFO]: 	Replace Blocks: [1, 5]
[18:20:12] [Server thread/INFO]: Nerfing mobs spawned from spawners: false
[18:20:12] [Server thread/INFO]: Mob Spawn Range: 4
[18:20:12] [Server thread/INFO]: Entity Activation Range: An 32 / Mo 32 / Mi 16
[18:20:12] [Server thread/INFO]: Cactus Growth Modifier: 100%
[18:20:12] [Server thread/INFO]: Cane Growth Modifier: 100%
[18:20:12] [Server thread/INFO]: Melon Growth Modifier: 100%
[18:20:12] [Server thread/INFO]: Mushroom Growth Modifier: 100%
[18:20:12] [Server thread/INFO]: Pumpkin Growth Modifier: 100%
[18:20:12] [Server thread/INFO]: Sapling Growth Modifier: 100%
[18:20:12] [Server thread/INFO]: Wheat Growth Modifier: 100%
[18:20:12] [Server thread/INFO]: NetherWart Growth Modifier: 100%
[18:20:12] [Server thread/INFO]: Entity Tracking Range: Pl 48 / An 48 / Mo 48 / Mi 32 / Other 64
[18:20:12] [Server thread/INFO]: Random Lighting Updates: false
[18:20:12] [Server thread/INFO]: Sending up to 10 chunks per packet
[18:20:12] [Server thread/INFO]: Structure Info Saving: true
[18:20:12] [Server thread/INFO]: Hopper Transfer: 8 Hopper Check: 8 Hopper Amount: 1
[18:20:12] [Server thread/INFO]: Max Entity Collisions: 8
[18:20:12] [Server thread/INFO]: Custom Map Seeds:  Village: 10387312 Feature: 14357617
[18:20:12] [Server thread/INFO]: Tile Max Tick Time: 50ms Entity max Tick Time: 50ms
[18:20:12] [Server thread/INFO]: Max TNT Explosions: 100
[18:20:12] [Server thread/INFO]: -------- World Settings For [world_nether] --------
[18:20:12] [Server thread/INFO]: Allow Zombie Pigmen to spawn from portal blocks: true
[18:20:12] [Server thread/INFO]: Item Despawn Rate: 6000
[18:20:12] [Server thread/INFO]: Item Merge Radius: 2.5
[18:20:12] [Server thread/INFO]: Arrow Despawn Rate: 1200
[18:20:12] [Server thread/INFO]: Zombie Aggressive Towards Villager: true
[18:20:12] [Server thread/INFO]: Chunks to Grow per Tick: 650
[18:20:12] [Server thread/INFO]: Clear tick list: false
[18:20:12] [Server thread/INFO]: Experience Merge Radius: 3.0
[18:20:12] [Server thread/INFO]: View Distance: 10
[18:20:12] [Server thread/INFO]: Anti X-Ray: true
[18:20:12] [Server thread/INFO]: 	Engine Mode: 1
[18:20:12] [Server thread/INFO]: 	Hidden Blocks: [14, 15, 16, 21, 48, 49, 54, 56, 73, 74, 82, 129, 130]
[18:20:12] [Server thread/INFO]: 	Replace Blocks: [1, 5]
[18:20:12] [Server thread/INFO]: Nerfing mobs spawned from spawners: false
[18:20:12] [Server thread/INFO]: Mob Spawn Range: 4
[18:20:12] [Server thread/INFO]: Entity Activation Range: An 32 / Mo 32 / Mi 16
[18:20:12] [Server thread/INFO]: Cactus Growth Modifier: 100%
[18:20:12] [Server thread/INFO]: Cane Growth Modifier: 100%
[18:20:12] [Server thread/INFO]: Melon Growth Modifier: 100%
[18:20:12] [Server thread/INFO]: Mushroom Growth Modifier: 100%
[18:20:12] [Server thread/INFO]: Pumpkin Growth Modifier: 100%
[18:20:12] [Server thread/INFO]: Sapling Growth Modifier: 100%
[18:20:12] [Server thread/INFO]: Wheat Growth Modifier: 100%
[18:20:12] [Server thread/INFO]: NetherWart Growth Modifier: 100%
[18:20:12] [Server thread/INFO]: Entity Tracking Range: Pl 48 / An 48 / Mo 48 / Mi 32 / Other 64
[18:20:12] [Server thread/INFO]: Random Lighting Updates: false
[18:20:12] [Server thread/INFO]: Sending up to 10 chunks per packet
[18:20:12] [Server thread/INFO]: Structure Info Saving: true
[18:20:12] [Server thread/INFO]: Hopper Transfer: 8 Hopper Check: 8 Hopper Amount: 1
[18:20:12] [Server thread/INFO]: Max Entity Collisions: 8
[18:20:12] [Server thread/INFO]: Custom Map Seeds:  Village: 10387312 Feature: 14357617
[18:20:12] [Server thread/INFO]: Tile Max Tick Time: 50ms Entity max Tick Time: 50ms
[18:20:12] [Server thread/INFO]: Max TNT Explosions: 100
[18:20:12] [Server thread/INFO]: -------- World Settings For [world_the_end] --------
[18:20:12] [Server thread/INFO]: Allow Zombie Pigmen to spawn from portal blocks: true
[18:20:12] [Server thread/INFO]: Item Despawn Rate: 6000
[18:20:12] [Server thread/INFO]: Item Merge Radius: 2.5
[18:20:12] [Server thread/INFO]: Arrow Despawn Rate: 1200
[18:20:12] [Server thread/INFO]: Zombie Aggressive Towards Villager: true
[18:20:12] [Server thread/INFO]: Chunks to Grow per Tick: 650
[18:20:12] [Server thread/INFO]: Clear tick list: false
[18:20:12] [Server thread/INFO]: Experience Merge Radius: 3.0
[18:20:12] [Server thread/INFO]: View Distance: 10
[18:20:12] [Server thread/INFO]: Anti X-Ray: true
[18:20:12] [Server thread/INFO]: 	Engine Mode: 1
[18:20:12] [Server thread/INFO]: 	Hidden Blocks: [14, 15, 16, 21, 48, 49, 54, 56, 73, 74, 82, 129, 130]
[18:20:12] [Server thread/INFO]: 	Replace Blocks: [1, 5]
[18:20:12] [Server thread/INFO]: Nerfing mobs spawned from spawners: false
[18:20:12] [Server thread/INFO]: Mob Spawn Range: 4
[18:20:12] [Server thread/INFO]: Entity Activation Range: An 32 / Mo 32 / Mi 16
[18:20:12] [Server thread/INFO]: Cactus Growth Modifier: 100%
[18:20:12] [Server thread/INFO]: Cane Growth Modifier: 100%
[18:20:12] [Server thread/INFO]: Melon Growth Modifier: 100%
[18:20:12] [Server thread/INFO]: Mushroom Growth Modifier: 100%
[18:20:12] [Server thread/INFO]: Pumpkin Growth Modifier: 100%
[18:20:12] [Server thread/INFO]: Sapling Growth Modifier: 100%
[18:20:12] [Server thread/INFO]: Wheat Growth Modifier: 100%
[18:20:12] [Server thread/INFO]: NetherWart Growth Modifier: 100%
[18:20:12] [Server thread/INFO]: Entity Tracking Range: Pl 48 / An 48 / Mo 48 / Mi 32 / Other 64
[18:20:12] [Server thread/INFO]: Random Lighting Updates: false
[18:20:12] [Server thread/INFO]: Sending up to 10 chunks per packet
[18:20:12] [Server thread/INFO]: Structure Info Saving: true
[18:20:12] [Server thread/INFO]: Hopper Transfer: 8 Hopper Check: 8 Hopper Amount: 1
[18:20:12] [Server thread/INFO]: Max Entity Collisions: 8
[18:20:12] [Server thread/INFO]: Custom Map Seeds:  Village: 10387312 Feature: 14357617
[18:20:12] [Server thread/INFO]: Tile Max Tick Time: 50ms Entity max Tick Time: 50ms
[18:20:12] [Server thread/INFO]: Max TNT Explosions: 100
[18:20:12] [Server thread/INFO]: Preparing start region for level 0 (Seed: -7703234191061041250)
[18:20:12] [Server thread/INFO]: Preparing start region for level 1 (Seed: -7703234191061041250)
[18:20:13] [Server thread/INFO]: Preparing start region for level 2 (Seed: -7703234191061041250)
[18:20:13] [Server thread/INFO]: [WorldEdit] Enabling WorldEdit v6.1.9;caf0ad9
[18:20:13] [Server thread/INFO]: WEPIF: Using the Bukkit Permissions API.
[18:20:13] [Server thread/INFO]: [WorldEdit] Using com.sk89q.worldedit.bukkit.adapter.impl.Spigot_v1_8_R3 as the Bukkit adapter
[18:20:13] [Server thread/INFO]: Server permissions file permissions.yml is empty, ignoring it
[18:20:13] [Server thread/INFO]: Done (1.479s)! For help, type "help" or "?"
[18:20:13] [Server thread/INFO]: Starting remote control listener
[18:20:13] [RCON Listener #1/INFO]: RCON running on 0.0.0.0:25576
[18:20:13] [RCON Listener #1/INFO]: Rcon connection from: /127.0.0.1
[18:28:53] [Thread-1/INFO]: Stopping server
